C:\Users\grf\source\repos\Catalog\Catalog\ClientApp\app\app.component.js
C:\Users\grf\source\repos\Catalog\Catalog\ClientApp\app\app.component.js.map
C:\Users\grf\source\repos\Catalog\Catalog\ClientApp\app\product.js
C:\Users\grf\source\repos\Catalog\Catalog\ClientApp\app\product.js.map
C:\Users\grf\source\repos\Catalog\Catalog\ClientApp\app\data.service.js
C:\Users\grf\source\repos\Catalog\Catalog\ClientApp\app\data.service.js.map
C:\Users\grf\source\repos\Catalog\Catalog\ClientApp\app\product-list.component.js
C:\Users\grf\source\repos\Catalog\Catalog\ClientApp\app\product-list.component.js.map
C:\Users\grf\source\repos\Catalog\Catalog\ClientApp\app\product-form.component.js
C:\Users\grf\source\repos\Catalog\Catalog\ClientApp\app\product-form.component.js.map
C:\Users\grf\source\repos\Catalog\Catalog\ClientApp\app\product-create.component.js
C:\Users\grf\source\repos\Catalog\Catalog\ClientApp\app\product-create.component.js.map
C:\Users\grf\source\repos\Catalog\Catalog\ClientApp\app\product-edit.component.js
C:\Users\grf\source\repos\Catalog\Catalog\ClientApp\app\product-edit.component.js.map
C:\Users\grf\source\repos\Catalog\Catalog\ClientApp\app\not-found.component.js
C:\Users\grf\source\repos\Catalog\Catalog\ClientApp\app\not-found.component.js.map
C:\Users\grf\source\repos\Catalog\Catalog\ClientApp\app\app.module.js
C:\Users\grf\source\repos\Catalog\Catalog\ClientApp\app\app.module.js.map
C:\Users\grf\source\repos\Catalog\Catalog\ClientApp\main.js
C:\Users\grf\source\repos\Catalog\Catalog\ClientApp\main.js.map
C:\Users\grf\source\repos\Catalog\Catalog\ClientApp\polyfills.js
C:\Users\grf\source\repos\Catalog\Catalog\ClientApp\polyfills.js.map
C:\Users\grf\source\repos\Catalog\Catalog\ClientApp\app\product-detail.component.js
C:\Users\grf\source\repos\Catalog\Catalog\ClientApp\app\product-detail.component.js.map
